Mplus VERSION 8.10
MUTHEN & MUTHEN
07/21/2024   1:45 PM

INPUT INSTRUCTIONS

  TITLE:

  DATA:
      FILE IS rd_wide3_all2_v2.txt;


  VARIABLE:

  NAMES ARE
              id
              IDS_T_0
              ids_1_0
              ids_2_0
              ids_3_0
              ids_4_0
              ids_5_0
              ids_6_0
              ids_7_0
              ids_8_0
              ids_9_0
              ids_9a_0
              ids_9b_0
              ids_10_0
              ids_11_0
              ids_12_0
              ids_13_0
              ids_14_0
              ids_15_0
              ids_16_0
              ids_17_0
              ids_18_0
              ids_19_0
              ids_20_0
              ids_21_0
              ids_22_0
              ids_23_0
              ids_24_0
              ids_25_0
              ids_26_0
              ids_27_0
              ids_28_0
              ids_29_0
              ids_30_0
              IDS_T_3
              ids_1_3
              ids_2_3
              ids_3_3
              ids_4_3
              ids_5_3
              ids_6_3
              ids_7_3
              ids_8_3
              ids_9_3
              ids_9a_3
              ids_9b_3
              ids_10_3
              ids_11_3
              ids_12_3
              ids_13_3
              ids_14_3
              ids_15_3
              ids_16_3
              ids_17_3
              ids_18_3
              ids_19_3
              ids_20_3
              ids_21_3
              ids_22_3
              ids_23_3
              ids_24_3
              ids_25_3
              ids_26_3
              ids_27_3
              ids_28_3
              ids_29_3
              ids_30_3
              IDS_T_6
              ids_1_6
              ids_2_6
              ids_3_6
              ids_4_6
              ids_5_6
              ids_6_6
              ids_7_6
              ids_8_6
              ids_9_6
              ids_9a_6
              ids_9b_6
              ids_10_6
              ids_11_6
              ids_12_6
              ids_13_6
              ids_14_6
              ids_15_6
              ids_16_6
              ids_17_6
              ids_18_6
              ids_19_6
              ids_20_6
              ids_21_6
              ids_22_6
              ids_23_6
              ids_24_6
              ids_25_6
              ids_26_6
              ids_27_6
              ids_28_6
              ids_29_6
              ids_30_6
              IDS_T_9
              ids_1_9
              ids_2_9
              ids_3_9
              ids_4_9
              ids_5_9
              ids_6_9
              ids_7_9
              ids_8_9
              ids_9_9
              ids_9a_9
              ids_9b_9
              ids_10_9
              ids_11_9
              ids_12_9
              ids_13_9
              ids_14_9
              ids_15_9
              ids_16_9
              ids_17_9
              ids_18_9
              ids_19_9
              ids_20_9
              ids_21_9
              ids_22_9
              ids_23_9
              ids_24_9
              ids_25_9
              ids_26_9
              ids_27_9
              ids_28_9
              ids_29_9
              ids_30_9
              IDS_T_12
              ids_1_12
              ids_2_12
              ids_3_12
              ids_4_12
              ids_5_12
              ids_6_12
              ids_7_12
              ids_8_12
              ids_9_12
              ids_9a_12
              ids_9b_12
              ids_10_12
              ids_11_12
              ids_12_12
              ids_13_12
              ids_14_12
              ids_15_12
              ids_16_12
              ids_17_12
              ids_18_12
              ids_19_12
              ids_20_12
              ids_21_12
              ids_22_12
              ids_23_12
              ids_24_12
              ids_25_12
              ids_26_12
              ids_27_12
              ids_28_12
              ids_29_12
              ids_30_12
              IDS_T_15
              ids_1_15
              ids_2_15
              ids_3_15
              ids_4_15
              ids_5_15
              ids_6_15
              ids_7_15
              ids_8_15
              ids_9_15
              ids_9a_15
              ids_9b_15
              ids_10_15
              ids_11_15
              ids_12_15
              ids_13_15
              ids_14_15
              ids_15_15
              ids_16_15
              ids_17_15
              ids_18_15
              ids_19_15
              ids_20_15
              ids_21_15
              ids_22_15
              ids_23_15
              ids_24_15
              ids_25_15
              ids_26_15
              ids_27_15
              ids_28_15
              ids_29_15
              ids_30_15
              IDS_T_18
              ids_1_18
              ids_2_18
              ids_3_18
              ids_4_18
              ids_5_18
              ids_6_18
              ids_7_18
              ids_8_18
              ids_9_18
              ids_9a_18
              ids_9b_18
              ids_10_18
              ids_11_18
              ids_12_18
              ids_13_18
              ids_14_18
              ids_15_18
              ids_16_18
              ids_17_18
              ids_18_18
              ids_19_18
              ids_20_18
              ids_21_18
              ids_22_18
              ids_23_18
              ids_24_18
              ids_25_18
              ids_26_18
              ids_27_18
              ids_28_18
              ids_29_18
              ids_30_18
              IDS_T_21
              ids_1_21
              ids_2_21
              ids_3_21
              ids_4_21
              ids_5_21
              ids_6_21
              ids_7_21
              ids_8_21
              ids_9_21
              ids_9a_21
              ids_9b_21
              ids_10_21
              ids_11_21
              ids_12_21
              ids_13_21
              ids_14_21
              ids_15_21
              ids_16_21
              ids_17_21
              ids_18_21
              ids_19_21
              ids_20_21
              ids_21_21
              ids_22_21
              ids_23_21
              ids_24_21
              ids_25_21
              ids_26_21
              ids_27_21
              ids_28_21
              ids_29_21
              ids_30_21
              IDS_T_24
              ids_1_24
              ids_2_24
              ids_3_24
              ids_4_24
              ids_5_24
              ids_6_24
              ids_7_24
              ids_8_24
              ids_9_24
              ids_9a_24
              ids_9b_24
              ids_10_24
              ids_11_24
              ids_12_24
              ids_13_24
              ids_14_24
              ids_15_24
              ids_16_24
              ids_17_24
              ids_18_24
              ids_19_24
              ids_20_24
              ids_21_24
              ids_22_24
              ids_23_24
              ids_24_24
              ids_25_24
              ids_26_24
              ids_27_24
              ids_28_24
              ids_29_24
              ids_30_24;


      USEVARIABLES  ARE
          IDS_T_0
          IDS_T_3
          IDS_T_6
          IDS_T_9
          IDS_T_12
          IDS_T_15
          IDS_T_18
          IDS_T_21
          IDS_T_24;

      MISSING ARE ALL (-99);
      IDVARIABLE IS id;
      CLASSES = c(2);



  ANALYSIS:
        ESTIMATOR = MLR;         !the default for continuous data
        PROCESSORS = 5;         !to reduce computation time by using multiple processors of

        TYPE = MIXTURE;
        !STARTS = 500 20;
        !STITERATIONS = 20;
        OPTSEED = 950604;
        LRTSTARTS = 0 0 20 5; !increase values when LRT (TECH 14) has provided a warning



    MODEL:
    %OVERALL%
    int slope | IDS_T_0@0 IDS_T_3@1 IDS_T_6@2
                IDS_T_9@3 IDS_T_12@4 IDS_T_15@5 IDS_T_18@6
                IDS_T_21@7 IDS_T_24@8;

    int WITH slope;

    !Asking Mplus to give us the average trajectory for each class!
    %c#1% !we are writing something for each class.
      int; !slope;

    %c#2%
    int;! slope;


    PLOT:
        TYPE = PLOT3;
        SERIES = IDS_T_0(0) IDS_T_3(1) IDS_T_6(2)
        IDS_T_9(3) IDS_T_12(4) IDS_T_15(5) IDS_T_18(6)
        IDS_T_21(7) IDS_T_24(8);


    OUTPUT:
      STDYX TECH11, TECH14;



*** WARNING
  Input line exceeded 90 characters. Some input may be truncated.
        PROCESSORS = 5;         !to reduce computation time by using multiple processors of y
*** WARNING
  Data set contains cases with missing on all variables.
  These cases were not included in the analysis.
  Number of cases with missing on all variables:  5
   2 WARNING(S) FOUND IN THE INPUT INSTRUCTIONS




SUMMARY OF ANALYSIS

Number of groups                                                 1
Number of observations                                         618

Number of dependent variables                                    9
Number of independent variables                                  0
Number of continuous latent variables                            2
Number of categorical latent variables                           1

Observed dependent variables

  Continuous
   IDS_T_0     IDS_T_3     IDS_T_6     IDS_T_9     IDS_T_12    IDS_T_15
   IDS_T_18    IDS_T_21    IDS_T_24

Continuous latent variables
   INT         SLOPE

Categorical latent variables
   C

Variables with special functions

  ID variable           ID

Estimator                                                      MLR
Information matrix                                        OBSERVED
Optimization Specifications for the Quasi-Newton Algorithm for
Continuous Outcomes
  Maximum number of iterations                                 100
  Convergence criterion                                  0.100D-05
Optimization Specifications for the EM Algorithm
  Maximum number of iterations                                 500
  Convergence criteria
    Loglikelihood change                                 0.100D-06
    Relative loglikelihood change                        0.100D-06
    Derivative                                           0.100D-05
Optimization Specifications for the M step of the EM Algorithm for
Categorical Latent variables
  Number of M step iterations                                    1
  M step convergence criterion                           0.100D-05
  Basis for M step termination                           ITERATION
Optimization Specifications for the M step of the EM Algorithm for
Censored, Binary or Ordered Categorical (Ordinal), Unordered
Categorical (Nominal) and Count Outcomes
  Number of M step iterations                                    1
  M step convergence criterion                           0.100D-05
  Basis for M step termination                           ITERATION
  Maximum value for logit thresholds                            15
  Minimum value for logit thresholds                           -15
  Minimum expected cell size for chi-square              0.100D-01
Maximum number of iterations for H1                           2000
Convergence criterion for H1                             0.100D-03
Optimization algorithm                                         EMA
Random Starts Specifications
  Random seed for analysis                                  950604

Input data file(s)
  rd_wide3_all2_v2.txt
Input data format  FREE


SUMMARY OF DATA

     Number of missing data patterns            53
     Number of y missing data patterns          53
     Number of u missing data patterns           0


COVARIANCE COVERAGE OF DATA

Minimum covariance coverage value   0.100


     PROPORTION OF DATA PRESENT FOR Y


           Covariance Coverage
              IDS_T_0       IDS_T_3       IDS_T_6       IDS_T_9       IDS_T_12
              ________      ________      ________      ________      ________
 IDS_T_0        0.982
 IDS_T_3        0.900         0.916
 IDS_T_6        0.856         0.851         0.872
 IDS_T_9        0.806         0.804         0.804         0.824
 IDS_T_12       0.701         0.696         0.693         0.691         0.714
 IDS_T_15       0.521         0.518         0.510         0.515         0.500
 IDS_T_18       0.417         0.421         0.421         0.419         0.408
 IDS_T_21       0.328         0.332         0.333         0.330         0.324
 IDS_T_24       0.280         0.283         0.282         0.286         0.275


           Covariance Coverage
              IDS_T_15      IDS_T_18      IDS_T_21      IDS_T_24
              ________      ________      ________      ________
 IDS_T_15       0.534
 IDS_T_18       0.408         0.430
 IDS_T_21       0.324         0.327         0.341
 IDS_T_24       0.280         0.282         0.270         0.293



UNIVARIATE SAMPLE STATISTICS


     UNIVARIATE HIGHER-ORDER MOMENT DESCRIPTIVE STATISTICS

         Variable/         Mean/     Skewness/   Minimum/ % with                Percentiles
        Sample Size      Variance    Kurtosis    Maximum  Min/Max      20%/60%    40%/80%    Median

     IDS_T_0              31.321       0.274       0.000    0.33%      18.000     27.000     30.000
             607.000     208.897      -0.481      70.000    0.16%      34.000     44.000
     IDS_T_3              32.749       0.346       0.000    0.18%      19.000     27.000     31.000
             566.000     237.350      -0.563      71.000    0.18%      35.000     47.000
     IDS_T_6              31.831       0.417       0.000    0.19%      18.000     26.000     30.000
             539.000     232.511      -0.311      76.000    0.19%      35.000     44.000
     IDS_T_9              31.022       0.413       0.000    0.20%      16.000     25.000     30.000
             509.000     246.552      -0.564      74.000    0.20%      34.000     45.000
     IDS_T_12             30.862       0.327       0.000    0.45%      16.000     25.000     30.000
             441.000     251.189      -0.548      72.000    0.23%      34.000     45.000
     IDS_T_15             30.761       0.345       0.000    0.30%      15.000     25.000     29.500
             330.000     259.182      -0.531      73.000    0.30%      34.000     44.000
     IDS_T_18             30.523       0.391       1.000    0.38%      18.000     26.000     30.000
             266.000     220.325      -0.290      74.000    0.38%      34.000     43.000
     IDS_T_21             30.654       0.432       0.000    0.47%      18.000     25.000     30.000
             211.000     221.496      -0.128      74.000    0.47%      34.000     43.000
     IDS_T_24             30.254       0.436       0.000    0.55%      16.000     24.000     28.000
             181.000     239.427      -0.557      73.000    0.55%      33.000     45.000


THE MODEL ESTIMATION TERMINATED NORMALLY



MODEL FIT INFORMATION

Number of Free Parameters                       18

Loglikelihood

          H0 Value                      -13331.232
          H0 Scaling Correction Factor      1.5401
            for MLR

Information Criteria

          Akaike (AIC)                   26698.463
          Bayesian (BIC)                 26778.140
          Sample-Size Adjusted BIC       26720.993
            (n* = (n + 2) / 24)



FINAL CLASS COUNTS AND PROPORTIONS FOR THE LATENT CLASSES
BASED ON THE ESTIMATED MODEL

    Latent
   Classes

       1        212.40313          0.34369
       2        405.59687          0.65631


FINAL CLASS COUNTS AND PROPORTIONS FOR THE LATENT CLASSES
BASED ON ESTIMATED POSTERIOR PROBABILITIES

    Latent
   Classes

       1        212.40313          0.34369
       2        405.59687          0.65631


FINAL CLASS COUNTS AND PROPORTIONS FOR THE LATENT CLASSES
BASED ON THEIR MOST LIKELY LATENT CLASS MEMBERSHIP

Class Counts and Proportions

    Latent
   Classes

       1              190          0.30744
       2              428          0.69256


CLASSIFICATION QUALITY

     Entropy                         0.600


Average Latent Class Probabilities for Most Likely Latent Class Membership (Row)
by Latent Class (Column)

           1        2

    1   0.868    0.132
    2   0.111    0.889


Classification Probabilities for the Most Likely Latent Class Membership (Column)
by Latent Class (Row)

           1        2

    1   0.776    0.224
    2   0.062    0.938


Logits for the Classification Probabilities for the Most Likely Latent Class Membership (Column)
by Latent Class (Row)

              1        2

    1      1.243    0.000
    2     -2.716    0.000


MODEL RESULTS

                                                    Two-Tailed
                    Estimate       S.E.  Est./S.E.    P-Value

Latent Class 1

 INT      |
    IDS_T_0            1.000      0.000    999.000    999.000
    IDS_T_3            1.000      0.000    999.000    999.000
    IDS_T_6            1.000      0.000    999.000    999.000
    IDS_T_9            1.000      0.000    999.000    999.000
    IDS_T_12           1.000      0.000    999.000    999.000
    IDS_T_15           1.000      0.000    999.000    999.000
    IDS_T_18           1.000      0.000    999.000    999.000
    IDS_T_21           1.000      0.000    999.000    999.000
    IDS_T_24           1.000      0.000    999.000    999.000

 SLOPE    |
    IDS_T_0            0.000      0.000    999.000    999.000
    IDS_T_3            1.000      0.000    999.000    999.000
    IDS_T_6            2.000      0.000    999.000    999.000
    IDS_T_9            3.000      0.000    999.000    999.000
    IDS_T_12           4.000      0.000    999.000    999.000
    IDS_T_15           5.000      0.000    999.000    999.000
    IDS_T_18           6.000      0.000    999.000    999.000
    IDS_T_21           7.000      0.000    999.000    999.000
    IDS_T_24           8.000      0.000    999.000    999.000

 INT      WITH
    SLOPE              1.756      1.206      1.456      0.145

 Means
    INT               47.012      3.255     14.441      0.000
    SLOPE             -0.722      0.211     -3.427      0.001

 Intercepts
    IDS_T_0            0.000      0.000    999.000    999.000
    IDS_T_3            0.000      0.000    999.000    999.000
    IDS_T_6            0.000      0.000    999.000    999.000
    IDS_T_9            0.000      0.000    999.000    999.000
    IDS_T_12           0.000      0.000    999.000    999.000
    IDS_T_15           0.000      0.000    999.000    999.000
    IDS_T_18           0.000      0.000    999.000    999.000
    IDS_T_21           0.000      0.000    999.000    999.000
    IDS_T_24           0.000      0.000    999.000    999.000

 Variances
    INT               86.624     24.622      3.518      0.000
    SLOPE              1.171      0.244      4.804      0.000

 Residual Variances
    IDS_T_0           57.113      5.359     10.657      0.000
    IDS_T_3           45.931      4.275     10.744      0.000
    IDS_T_6           49.293      5.398      9.132      0.000
    IDS_T_9           47.012      5.822      8.075      0.000
    IDS_T_12          48.564      5.609      8.659      0.000
    IDS_T_15          52.265      7.862      6.648      0.000
    IDS_T_18          40.198      7.795      5.157      0.000
    IDS_T_21          45.567      6.590      6.914      0.000
    IDS_T_24          49.800     11.592      4.296      0.000

Latent Class 2

 INT      |
    IDS_T_0            1.000      0.000    999.000    999.000
    IDS_T_3            1.000      0.000    999.000    999.000
    IDS_T_6            1.000      0.000    999.000    999.000
    IDS_T_9            1.000      0.000    999.000    999.000
    IDS_T_12           1.000      0.000    999.000    999.000
    IDS_T_15           1.000      0.000    999.000    999.000
    IDS_T_18           1.000      0.000    999.000    999.000
    IDS_T_21           1.000      0.000    999.000    999.000
    IDS_T_24           1.000      0.000    999.000    999.000

 SLOPE    |
    IDS_T_0            0.000      0.000    999.000    999.000
    IDS_T_3            1.000      0.000    999.000    999.000
    IDS_T_6            2.000      0.000    999.000    999.000
    IDS_T_9            3.000      0.000    999.000    999.000
    IDS_T_12           4.000      0.000    999.000    999.000
    IDS_T_15           5.000      0.000    999.000    999.000
    IDS_T_18           6.000      0.000    999.000    999.000
    IDS_T_21           7.000      0.000    999.000    999.000
    IDS_T_24           8.000      0.000    999.000    999.000

 INT      WITH
    SLOPE              1.756      1.206      1.456      0.145

 Means
    INT               24.489      1.487     16.464      0.000
    SLOPE              0.054      0.133      0.408      0.683

 Intercepts
    IDS_T_0            0.000      0.000    999.000    999.000
    IDS_T_3            0.000      0.000    999.000    999.000
    IDS_T_6            0.000      0.000    999.000    999.000
    IDS_T_9            0.000      0.000    999.000    999.000
    IDS_T_12           0.000      0.000    999.000    999.000
    IDS_T_15           0.000      0.000    999.000    999.000
    IDS_T_18           0.000      0.000    999.000    999.000
    IDS_T_21           0.000      0.000    999.000    999.000
    IDS_T_24           0.000      0.000    999.000    999.000

 Variances
    INT               59.390     12.151      4.888      0.000
    SLOPE              1.171      0.244      4.804      0.000

 Residual Variances
    IDS_T_0           57.113      5.359     10.657      0.000
    IDS_T_3           45.931      4.275     10.744      0.000
    IDS_T_6           49.293      5.398      9.132      0.000
    IDS_T_9           47.012      5.822      8.075      0.000
    IDS_T_12          48.564      5.609      8.659      0.000
    IDS_T_15          52.265      7.862      6.648      0.000
    IDS_T_18          40.198      7.795      5.157      0.000
    IDS_T_21          45.567      6.590      6.914      0.000
    IDS_T_24          49.800     11.592      4.296      0.000

Categorical Latent Variables

 Means
    C#1               -0.647      0.394     -1.640      0.101


QUALITY OF NUMERICAL RESULTS

     Condition Number for the Information Matrix              0.552E-03
       (ratio of smallest to largest eigenvalue)


STANDARDIZED MODEL RESULTS


STDYX Standardization

                                                    Two-Tailed
                    Estimate       S.E.  Est./S.E.    P-Value

Latent Class 1

 INT      |
    IDS_T_0            0.776      0.046     16.960      0.000
    IDS_T_3            0.794      0.046     17.361      0.000
    IDS_T_6            0.766      0.050     15.197      0.000
    IDS_T_9            0.748      0.053     14.108      0.000
    IDS_T_12           0.718      0.056     12.898      0.000
    IDS_T_15           0.683      0.057     11.930      0.000
    IDS_T_18           0.675      0.059     11.454      0.000
    IDS_T_21           0.636      0.062     10.305      0.000
    IDS_T_24           0.601      0.064      9.381      0.000

 SLOPE    |
    IDS_T_0            0.000      0.000    999.000    999.000
    IDS_T_3            0.092      0.013      6.912      0.000
    IDS_T_6            0.178      0.025      7.050      0.000
    IDS_T_9            0.261      0.037      7.084      0.000
    IDS_T_12           0.334      0.045      7.358      0.000
    IDS_T_15           0.397      0.053      7.493      0.000
    IDS_T_18           0.471      0.059      7.971      0.000
    IDS_T_21           0.518      0.061      8.426      0.000
    IDS_T_24           0.559      0.064      8.734      0.000

 INT      WITH
    SLOPE              0.174      0.133      1.313      0.189

 Means
    INT                5.051      1.041      4.852      0.000
    SLOPE             -0.667      0.216     -3.093      0.002

 Intercepts
    IDS_T_0            0.000      0.000    999.000    999.000
    IDS_T_3            0.000      0.000    999.000    999.000
    IDS_T_6            0.000      0.000    999.000    999.000
    IDS_T_9            0.000      0.000    999.000    999.000
    IDS_T_12           0.000      0.000    999.000    999.000
    IDS_T_15           0.000      0.000    999.000    999.000
    IDS_T_18           0.000      0.000    999.000    999.000
    IDS_T_21           0.000      0.000    999.000    999.000
    IDS_T_24           0.000      0.000    999.000    999.000

 Variances
    INT                1.000      0.000    999.000    999.000
    SLOPE              1.000      0.000    999.000    999.000

 Residual Variances
    IDS_T_0            0.397      0.071      5.591      0.000
    IDS_T_3            0.335      0.065      5.148      0.000
    IDS_T_6            0.334      0.062      5.356      0.000
    IDS_T_9            0.304      0.055      5.516      0.000
    IDS_T_12           0.289      0.051      5.689      0.000
    IDS_T_15           0.281      0.049      5.703      0.000
    IDS_T_18           0.212      0.044      4.765      0.000
    IDS_T_21           0.213      0.037      5.806      0.000
    IDS_T_24           0.208      0.045      4.617      0.000

Latent Class 2

 INT      |
    IDS_T_0            0.714      0.042     17.143      0.000
    IDS_T_3            0.735      0.041     17.981      0.000
    IDS_T_6            0.702      0.046     15.309      0.000
    IDS_T_9            0.683      0.050     13.662      0.000
    IDS_T_12           0.650      0.050     13.117      0.000
    IDS_T_15           0.612      0.051     12.015      0.000
    IDS_T_18           0.604      0.051     11.759      0.000
    IDS_T_21           0.564      0.051     10.995      0.000
    IDS_T_24           0.529      0.052     10.260      0.000

 SLOPE    |
    IDS_T_0            0.000      0.000    999.000    999.000
    IDS_T_3            0.103      0.012      8.711      0.000
    IDS_T_6            0.197      0.023      8.743      0.000
    IDS_T_9            0.288      0.033      8.728      0.000
    IDS_T_12           0.365      0.041      8.898      0.000
    IDS_T_15           0.430      0.048      8.929      0.000
    IDS_T_18           0.509      0.052      9.713      0.000
    IDS_T_21           0.554      0.055     10.017      0.000
    IDS_T_24           0.594      0.059     10.065      0.000

 INT      WITH
    SLOPE              0.211      0.164      1.282      0.200

 Means
    INT                3.178      0.202     15.723      0.000
    SLOPE              0.050      0.123      0.406      0.685

 Intercepts
    IDS_T_0            0.000      0.000    999.000    999.000
    IDS_T_3            0.000      0.000    999.000    999.000
    IDS_T_6            0.000      0.000    999.000    999.000
    IDS_T_9            0.000      0.000    999.000    999.000
    IDS_T_12           0.000      0.000    999.000    999.000
    IDS_T_15           0.000      0.000    999.000    999.000
    IDS_T_18           0.000      0.000    999.000    999.000
    IDS_T_21           0.000      0.000    999.000    999.000
    IDS_T_24           0.000      0.000    999.000    999.000

 Variances
    INT                1.000      0.000    999.000    999.000
    SLOPE              1.000      0.000    999.000    999.000

 Residual Variances
    IDS_T_0            0.490      0.059      8.243      0.000
    IDS_T_3            0.418      0.049      8.459      0.000
    IDS_T_6            0.409      0.048      8.460      0.000
    IDS_T_9            0.369      0.047      7.920      0.000
    IDS_T_12           0.345      0.043      8.084      0.000
    IDS_T_15           0.330      0.048      6.841      0.000
    IDS_T_18           0.247      0.046      5.326      0.000
    IDS_T_21           0.244      0.036      6.780      0.000
    IDS_T_24           0.235      0.046      5.116      0.000


R-SQUARE

Class 1

    Observed                                        Two-Tailed
    Variable        Estimate       S.E.  Est./S.E.    P-Value

    IDS_T_0            0.603      0.071      8.480      0.000
    IDS_T_3            0.665      0.065     10.234      0.000
    IDS_T_6            0.666      0.062     10.684      0.000
    IDS_T_9            0.696      0.055     12.636      0.000
    IDS_T_12           0.711      0.051     13.989      0.000
    IDS_T_15           0.719      0.049     14.562      0.000
    IDS_T_18           0.788      0.044     17.764      0.000
    IDS_T_21           0.787      0.037     21.481      0.000
    IDS_T_24           0.792      0.045     17.585      0.000

Class 2

    Observed                                        Two-Tailed
    Variable        Estimate       S.E.  Est./S.E.    P-Value

    IDS_T_0            0.510      0.059      8.572      0.000
    IDS_T_3            0.582      0.049     11.800      0.000
    IDS_T_6            0.591      0.048     12.203      0.000
    IDS_T_9            0.631      0.047     13.555      0.000
    IDS_T_12           0.655      0.043     15.343      0.000
    IDS_T_15           0.670      0.048     13.904      0.000
    IDS_T_18           0.753      0.046     16.247      0.000
    IDS_T_21           0.756      0.036     21.031      0.000
    IDS_T_24           0.765      0.046     16.686      0.000


TECHNICAL 11 OUTPUT

     Random Starts Specifications for the k-1 Class Analysis Model
        Number of initial stage random starts                  20
        Number of final stage optimizations                     4



     VUONG-LO-MENDELL-RUBIN LIKELIHOOD RATIO TEST FOR 1 (H0) VERSUS 2 CLASSES

          H0 Loglikelihood Value                       -13353.384
          2 Times the Loglikelihood Difference             44.306
          Difference in the Number of Parameters                4
          Mean                                              4.714
          Standard Deviation                                4.407
          P-Value                                          0.0000

     LO-MENDELL-RUBIN ADJUSTED LRT TEST

          Value                                            42.647
          P-Value                                          0.0000


TECHNICAL 14 OUTPUT

     Random Starts Specifications for the k-1 Class Analysis Model
        Number of initial stage random starts                  20
        Number of final stage optimizations                     4

     Random Starts Specification for the k-1 Class Model for Generated Data
        Number of initial stage random starts                   0
        Number of final stage optimizations for the
           initial stage random starts                          0
     Random Starts Specification for the k Class Model for Generated Data
        Number of initial stage random starts                  20
        Number of final stage optimizations                     5
     Number of bootstrap draws requested                   Varies


     PARAMETRIC BOOTSTRAPPED LIKELIHOOD RATIO TEST FOR 1 (H0) VERSUS 2 CLASSES

          H0 Loglikelihood Value                       -13353.384
          2 Times the Loglikelihood Difference             44.306
          Difference in the Number of Parameters                4
          Approximate P-Value                              0.0000
          Successful Bootstrap Draws                           10


SAMPLE STATISTICS FOR ESTIMATED FACTOR SCORES


     SAMPLE STATISTICS


           Means
              INT           SLOPE         C_INT         C_SLOPE
              ________      ________      ________      ________
               32.230        -0.213        32.060        -0.172


           Covariances
              INT           SLOPE         C_INT         C_SLOPE
              ________      ________      ________      ________
 INT          167.773
 SLOPE         -0.395         0.479
 C_INT        170.284        -0.516       174.008
 C_SLOPE       -0.897         0.506        -1.255         0.583


           Correlations
              INT           SLOPE         C_INT         C_SLOPE
              ________      ________      ________      ________
 INT            1.000
 SLOPE         -0.044         1.000
 C_INT          0.997        -0.057         1.000
 C_SLOPE       -0.091         0.957        -0.125         1.000


PLOT INFORMATION

The following plots are available:

  Histograms (sample values, estimated factor scores, estimated values, residuals)
  Scatterplots (sample values, estimated factor scores, estimated values, residuals)
  Sample means
  Estimated means, medians, modes, and percentiles
  Sample and estimated means
  Latent variable distribution plots
  Observed individual values
  Estimated individual values
  Estimated means and observed individual values
  Estimated means and estimated individual values
  Estimated overall and class-specific distributions

DIAGRAM INFORMATION

  Mplus diagrams are currently not available for Mixture analysis.
  No diagram output was produced.


     Beginning Time:  13:45:09
        Ending Time:  13:45:18
       Elapsed Time:  00:00:09



MUTHEN & MUTHEN
3463 Stoner Ave.
Los Angeles, CA  90066

Tel: (310) 391-9971
Fax: (310) 391-8971
Web: www.StatModel.com
Support: Support@StatModel.com

Copyright (c) 1998-2023 Muthen & Muthen
